<?xml version="1.0" encoding="UTF-8"?>
<coverage generated="1705335300213" clover="3.2.0">
  <project timestamp="1705335300213" name="All files">
    <metrics statements="13" coveredstatements="13" conditionals="8" coveredconditionals="8" methods="3" coveredmethods="3" elements="24" coveredelements="24" complexity="0" loc="13" ncloc="13" packages="1" files="1" classes="1"/>
    <file name="validations.js" path="C:\Users\vanbr\OneDrive\Bureau\devops-exam-2024\src\services\validations.js">
      <metrics statements="13" coveredstatements="13" conditionals="8" coveredconditionals="8" methods="3" coveredmethods="3"/>
      <line num="2" count="1" type="stmt"/>
      <line num="3" count="9" type="cond" truecount="2" falsecount="0"/>
      <line num="4" count="1" type="stmt"/>
      <line num="6" count="8" type="cond" truecount="2" falsecount="0"/>
      <line num="7" count="1" type="stmt"/>
      <line num="9" count="7" type="stmt"/>
      <line num="10" count="35" type="cond" truecount="2" falsecount="0"/>
      <line num="11" count="4" type="stmt"/>
      <line num="13" count="3" type="stmt"/>
      <line num="14" count="14" type="cond" truecount="2" falsecount="0"/>
      <line num="15" count="1" type="stmt"/>
      <line num="17" count="2" type="stmt"/>
      <line num="21" count="1" type="stmt"/>
    </file>
  </project>
</coverage>
